https://www.tripadvisor.ru/Hotel_Review-g298496-d15585253-Reviews-Hostel_Admiral-Vladivostok_Primorsky_Krai_Far_Eastern_District.html
Traceback (most recent call last):
  File "C:\Users\ROV\PycharmProjects\Scrapy\tourism\vl\spiders\TA_Hotel_Spider.py", line 108, in parse
    self.address = ' '.join(response.css(".fHvkI::text").extract_first().split(', ')[:-1])
AttributeError: 'NoneType' object has no attribute 'split'

During handling of the above exception, another exception occurred:

Traceback (most recent call last):
  File "C:\Users\ROV\PycharmProjects\Scrapy\tourism\vl\spiders\TA_Hotel_Spider.py", line 112, in parse
    self.address = ' '.join(response.css(".gZwVG span span::text").extract_first().split(', ')[:-1])
AttributeError: 'NoneType' object has no attribute 'split'

https://www.tripadvisor.ru/Attraction_Review-g17182817-d10859495-Reviews-Primorsky_Aquarim-Russkiy_Primorsky_Krai_Far_Eastern_District.html
Traceback (most recent call last):
  File "C:\Users\ROV\PycharmProjects\Scrapy\tourism\vl\spiders\TA_Hotel_Spider.py", line 100, in parse
    self.city = response.css(".breadcrumbs li span::text").extract()[-1].split()[-1]
IndexError: list index out of range

https://www.tripadvisor.ru/Attraction_Review-g17182817-d10859495-Reviews-Primorsky_Aquarim-Russkiy_Primorsky_Krai_Far_Eastern_District.html
Traceback (most recent call last):
  File "C:\Users\ROV\PycharmProjects\Scrapy\tourism\vl\spiders\TA_Hotel_Spider.py", line 108, in parse
    self.address = ' '.join(response.css(".fHvkI::text").extract_first().split(', ')[:-1])
AttributeError: 'NoneType' object has no attribute 'split'

During handling of the above exception, another exception occurred:

Traceback (most recent call last):
  File "C:\Users\ROV\PycharmProjects\Scrapy\tourism\vl\spiders\TA_Hotel_Spider.py", line 112, in parse
    self.address = ' '.join(response.css(".gZwVG span span::text").extract_first().split(', ')[:-1])
AttributeError: 'NoneType' object has no attribute 'split'

https://www.tripadvisor.ru/Attraction_Review-g2376616-d2617672-Reviews-Artyom_Local_Lore_Museum-Artyom_Primorsky_Krai_Far_Eastern_District.html
Traceback (most recent call last):
  File "C:\Users\ROV\PycharmProjects\Scrapy\tourism\vl\spiders\TA_Hotel_Spider.py", line 100, in parse
    self.city = response.css(".breadcrumbs li span::text").extract()[-1].split()[-1]
IndexError: list index out of range

https://www.tripadvisor.ru/Attraction_Review-g2376616-d2617672-Reviews-Artyom_Local_Lore_Museum-Artyom_Primorsky_Krai_Far_Eastern_District.html
Traceback (most recent call last):
  File "C:\Users\ROV\PycharmProjects\Scrapy\tourism\vl\spiders\TA_Hotel_Spider.py", line 108, in parse
    self.address = ' '.join(response.css(".fHvkI::text").extract_first().split(', ')[:-1])
AttributeError: 'NoneType' object has no attribute 'split'

During handling of the above exception, another exception occurred:

Traceback (most recent call last):
  File "C:\Users\ROV\PycharmProjects\Scrapy\tourism\vl\spiders\TA_Hotel_Spider.py", line 112, in parse
    self.address = ' '.join(response.css(".gZwVG span span::text").extract_first().split(', ')[:-1])
AttributeError: 'NoneType' object has no attribute 'split'

https://www.tripadvisor.ru/Attraction_Review-g2376616-d7220907-Reviews-Cinema_Shakhter-Artyom_Primorsky_Krai_Far_Eastern_District.html
Traceback (most recent call last):
  File "C:\Users\ROV\PycharmProjects\Scrapy\tourism\vl\spiders\TA_Hotel_Spider.py", line 100, in parse
    self.city = response.css(".breadcrumbs li span::text").extract()[-1].split()[-1]
IndexError: list index out of range

https://www.tripadvisor.ru/Attraction_Review-g2376616-d7220907-Reviews-Cinema_Shakhter-Artyom_Primorsky_Krai_Far_Eastern_District.html
Traceback (most recent call last):
  File "C:\Users\ROV\PycharmProjects\Scrapy\tourism\vl\spiders\TA_Hotel_Spider.py", line 108, in parse
    self.address = ' '.join(response.css(".fHvkI::text").extract_first().split(', ')[:-1])
AttributeError: 'NoneType' object has no attribute 'split'

During handling of the above exception, another exception occurred:

Traceback (most recent call last):
  File "C:\Users\ROV\PycharmProjects\Scrapy\tourism\vl\spiders\TA_Hotel_Spider.py", line 112, in parse
    self.address = ' '.join(response.css(".gZwVG span span::text").extract_first().split(', ')[:-1])
AttributeError: 'NoneType' object has no attribute 'split'

https://www.tripadvisor.ru/Attraction_Review-g2387207-d2617666-Reviews-Arsenyev_History_Museum-Arsenyev_Primorsky_Krai_Far_Eastern_District.html
Traceback (most recent call last):
  File "C:\Users\ROV\PycharmProjects\Scrapy\tourism\vl\spiders\TA_Hotel_Spider.py", line 100, in parse
    self.city = response.css(".breadcrumbs li span::text").extract()[-1].split()[-1]
IndexError: list index out of range

https://www.tripadvisor.ru/Attraction_Review-g2387207-d2617666-Reviews-Arsenyev_History_Museum-Arsenyev_Primorsky_Krai_Far_Eastern_District.html
Traceback (most recent call last):
  File "C:\Users\ROV\PycharmProjects\Scrapy\tourism\vl\spiders\TA_Hotel_Spider.py", line 108, in parse
    self.address = ' '.join(response.css(".fHvkI::text").extract_first().split(', ')[:-1])
AttributeError: 'NoneType' object has no attribute 'split'

During handling of the above exception, another exception occurred:

Traceback (most recent call last):
  File "C:\Users\ROV\PycharmProjects\Scrapy\tourism\vl\spiders\TA_Hotel_Spider.py", line 112, in parse
    self.address = ' '.join(response.css(".gZwVG span span::text").extract_first().split(', ')[:-1])
AttributeError: 'NoneType' object has no attribute 'split'

https://www.tripadvisor.ru/Attraction_Review-g2387308-d2617715-Reviews-Dalnegorsk_History_Museum-Dalnegorsk_Primorsky_Krai_Far_Eastern_District.html
Traceback (most recent call last):
  File "C:\Users\ROV\PycharmProjects\Scrapy\tourism\vl\spiders\TA_Hotel_Spider.py", line 100, in parse
    self.city = response.css(".breadcrumbs li span::text").extract()[-1].split()[-1]
IndexError: list index out of range

https://www.tripadvisor.ru/Attraction_Review-g2387308-d2617715-Reviews-Dalnegorsk_History_Museum-Dalnegorsk_Primorsky_Krai_Far_Eastern_District.html
Traceback (most recent call last):
  File "C:\Users\ROV\PycharmProjects\Scrapy\tourism\vl\spiders\TA_Hotel_Spider.py", line 108, in parse
    self.address = ' '.join(response.css(".fHvkI::text").extract_first().split(', ')[:-1])
AttributeError: 'NoneType' object has no attribute 'split'

During handling of the above exception, another exception occurred:

Traceback (most recent call last):
  File "C:\Users\ROV\PycharmProjects\Scrapy\tourism\vl\spiders\TA_Hotel_Spider.py", line 112, in parse
    self.address = ' '.join(response.css(".gZwVG span span::text").extract_first().split(', ')[:-1])
AttributeError: 'NoneType' object has no attribute 'split'

https://www.tripadvisor.ru/Attraction_Review-g2387416-d2617701-Reviews-Lesozavodsk_History_Museum-Lesozavodsk_Primorsky_Krai_Far_Eastern_District.html
Traceback (most recent call last):
  File "C:\Users\ROV\PycharmProjects\Scrapy\tourism\vl\spiders\TA_Hotel_Spider.py", line 100, in parse
    self.city = response.css(".breadcrumbs li span::text").extract()[-1].split()[-1]
IndexError: list index out of range

https://www.tripadvisor.ru/Attraction_Review-g2387416-d2617701-Reviews-Lesozavodsk_History_Museum-Lesozavodsk_Primorsky_Krai_Far_Eastern_District.html
Traceback (most recent call last):
  File "C:\Users\ROV\PycharmProjects\Scrapy\tourism\vl\spiders\TA_Hotel_Spider.py", line 108, in parse
    self.address = ' '.join(response.css(".fHvkI::text").extract_first().split(', ')[:-1])
AttributeError: 'NoneType' object has no attribute 'split'

During handling of the above exception, another exception occurred:

Traceback (most recent call last):
  File "C:\Users\ROV\PycharmProjects\Scrapy\tourism\vl\spiders\TA_Hotel_Spider.py", line 112, in parse
    self.address = ' '.join(response.css(".gZwVG span span::text").extract_first().split(', ')[:-1])
AttributeError: 'NoneType' object has no attribute 'split'

https://www.tripadvisor.ru/Attraction_Review-g2387434-d2617717-Reviews-Museum_of_Local_Lore-Spassk_Dalny_Primorsky_Krai_Far_Eastern_District.html
Traceback (most recent call last):
  File "C:\Users\ROV\PycharmProjects\Scrapy\tourism\vl\spiders\TA_Hotel_Spider.py", line 100, in parse
    self.city = response.css(".breadcrumbs li span::text").extract()[-1].split()[-1]
IndexError: list index out of range

https://www.tripadvisor.ru/Attraction_Review-g2387434-d2617717-Reviews-Museum_of_Local_Lore-Spassk_Dalny_Primorsky_Krai_Far_Eastern_District.html
Traceback (most recent call last):
  File "C:\Users\ROV\PycharmProjects\Scrapy\tourism\vl\spiders\TA_Hotel_Spider.py", line 108, in parse
    self.address = ' '.join(response.css(".fHvkI::text").extract_first().split(', ')[:-1])
AttributeError: 'NoneType' object has no attribute 'split'

During handling of the above exception, another exception occurred:

Traceback (most recent call last):
  File "C:\Users\ROV\PycharmProjects\Scrapy\tourism\vl\spiders\TA_Hotel_Spider.py", line 112, in parse
    self.address = ' '.join(response.css(".gZwVG span span::text").extract_first().split(', ')[:-1])
AttributeError: 'NoneType' object has no attribute 'split'

https://www.tripadvisor.ru/Attraction_Review-g2389286-d2618494-Reviews-Dalnerechensk_History_Museum-Dalnerechensk_Primorsky_Krai_Far_Eastern_District.html
Traceback (most recent call last):
  File "C:\Users\ROV\PycharmProjects\Scrapy\tourism\vl\spiders\TA_Hotel_Spider.py", line 100, in parse
    self.city = response.css(".breadcrumbs li span::text").extract()[-1].split()[-1]
IndexError: list index out of range

https://www.tripadvisor.ru/Attraction_Review-g2389286-d2618494-Reviews-Dalnerechensk_History_Museum-Dalnerechensk_Primorsky_Krai_Far_Eastern_District.html
Traceback (most recent call last):
  File "C:\Users\ROV\PycharmProjects\Scrapy\tourism\vl\spiders\TA_Hotel_Spider.py", line 108, in parse
    self.address = ' '.join(response.css(".fHvkI::text").extract_first().split(', ')[:-1])
AttributeError: 'NoneType' object has no attribute 'split'

During handling of the above exception, another exception occurred:

Traceback (most recent call last):
  File "C:\Users\ROV\PycharmProjects\Scrapy\tourism\vl\spiders\TA_Hotel_Spider.py", line 112, in parse
    self.address = ' '.join(response.css(".gZwVG span span::text").extract_first().split(', ')[:-1])
AttributeError: 'NoneType' object has no attribute 'split'

https://www.tripadvisor.ru/Attraction_Review-g298495-d2590167-Reviews-Nakhodka_Puppet_Theater-Nakhodka_Primorsky_Krai_Far_Eastern_District.html
Traceback (most recent call last):
  File "C:\Users\ROV\PycharmProjects\Scrapy\tourism\vl\spiders\TA_Hotel_Spider.py", line 100, in parse
    self.city = response.css(".breadcrumbs li span::text").extract()[-1].split()[-1]
IndexError: list index out of range

https://www.tripadvisor.ru/Attraction_Review-g298495-d2590167-Reviews-Nakhodka_Puppet_Theater-Nakhodka_Primorsky_Krai_Far_Eastern_District.html
Traceback (most recent call last):
  File "C:\Users\ROV\PycharmProjects\Scrapy\tourism\vl\spiders\TA_Hotel_Spider.py", line 108, in parse
    self.address = ' '.join(response.css(".fHvkI::text").extract_first().split(', ')[:-1])
AttributeError: 'NoneType' object has no attribute 'split'

During handling of the above exception, another exception occurred:

Traceback (most recent call last):
  File "C:\Users\ROV\PycharmProjects\Scrapy\tourism\vl\spiders\TA_Hotel_Spider.py", line 112, in parse
    self.address = ' '.join(response.css(".gZwVG span span::text").extract_first().split(', ')[:-1])
AttributeError: 'NoneType' object has no attribute 'split'

https://www.tripadvisor.ru/Attraction_Review-g298495-d2590260-Reviews-Nakhodka_Museum_and_Exhibition_Center-Nakhodka_Primorsky_Krai_Far_Eastern_Distric.html
Traceback (most recent call last):
  File "C:\Users\ROV\PycharmProjects\Scrapy\tourism\vl\spiders\TA_Hotel_Spider.py", line 100, in parse
    self.city = response.css(".breadcrumbs li span::text").extract()[-1].split()[-1]
IndexError: list index out of range

https://www.tripadvisor.ru/Attraction_Review-g298495-d2590260-Reviews-Nakhodka_Museum_and_Exhibition_Center-Nakhodka_Primorsky_Krai_Far_Eastern_Distric.html
Traceback (most recent call last):
  File "C:\Users\ROV\PycharmProjects\Scrapy\tourism\vl\spiders\TA_Hotel_Spider.py", line 108, in parse
    self.address = ' '.join(response.css(".fHvkI::text").extract_first().split(', ')[:-1])
AttributeError: 'NoneType' object has no attribute 'split'

During handling of the above exception, another exception occurred:

Traceback (most recent call last):
  File "C:\Users\ROV\PycharmProjects\Scrapy\tourism\vl\spiders\TA_Hotel_Spider.py", line 112, in parse
    self.address = ' '.join(response.css(".gZwVG span span::text").extract_first().split(', ')[:-1])
AttributeError: 'NoneType' object has no attribute 'split'

https://www.tripadvisor.ru/Attraction_Review-g298495-d2590262-Reviews-Nakhodka_Drama_Theater-Nakhodka_Primorsky_Krai_Far_Eastern_District.html
Traceback (most recent call last):
  File "C:\Users\ROV\PycharmProjects\Scrapy\tourism\vl\spiders\TA_Hotel_Spider.py", line 100, in parse
    self.city = response.css(".breadcrumbs li span::text").extract()[-1].split()[-1]
IndexError: list index out of range

https://www.tripadvisor.ru/Attraction_Review-g298495-d2590262-Reviews-Nakhodka_Drama_Theater-Nakhodka_Primorsky_Krai_Far_Eastern_District.html
Traceback (most recent call last):
  File "C:\Users\ROV\PycharmProjects\Scrapy\tourism\vl\spiders\TA_Hotel_Spider.py", line 108, in parse
    self.address = ' '.join(response.css(".fHvkI::text").extract_first().split(', ')[:-1])
AttributeError: 'NoneType' object has no attribute 'split'

During handling of the above exception, another exception occurred:

Traceback (most recent call last):
  File "C:\Users\ROV\PycharmProjects\Scrapy\tourism\vl\spiders\TA_Hotel_Spider.py", line 112, in parse
    self.address = ' '.join(response.css(".gZwVG span span::text").extract_first().split(', ')[:-1])
AttributeError: 'NoneType' object has no attribute 'split'

https://www.tripadvisor.ru/Attraction_Review-g298496-d10331782-Reviews-Novaya_Gallery-Vladivostok_Primorsky_Krai_Far_Eastern_District.html
Traceback (most recent call last):
  File "C:\Users\ROV\PycharmProjects\Scrapy\tourism\vl\spiders\TA_Hotel_Spider.py", line 100, in parse
    self.city = response.css(".breadcrumbs li span::text").extract()[-1].split()[-1]
IndexError: list index out of range

https://www.tripadvisor.ru/Attraction_Review-g298496-d10331782-Reviews-Novaya_Gallery-Vladivostok_Primorsky_Krai_Far_Eastern_District.html
Traceback (most recent call last):
  File "C:\Users\ROV\PycharmProjects\Scrapy\tourism\vl\spiders\TA_Hotel_Spider.py", line 108, in parse
    self.address = ' '.join(response.css(".fHvkI::text").extract_first().split(', ')[:-1])
AttributeError: 'NoneType' object has no attribute 'split'

During handling of the above exception, another exception occurred:

Traceback (most recent call last):
  File "C:\Users\ROV\PycharmProjects\Scrapy\tourism\vl\spiders\TA_Hotel_Spider.py", line 112, in parse
    self.address = ' '.join(response.css(".gZwVG span span::text").extract_first().split(', ')[:-1])
AttributeError: 'NoneType' object has no attribute 'split'

https://www.tripadvisor.ru/Attraction_Review-g298496-d13753536-Reviews-Sea_Cucumber_Museum-Vladivostok_Primorsky_Krai_Far_Eastern_District.html
Traceback (most recent call last):
  File "C:\Users\ROV\PycharmProjects\Scrapy\tourism\vl\spiders\TA_Hotel_Spider.py", line 100, in parse
    self.city = response.css(".breadcrumbs li span::text").extract()[-1].split()[-1]
IndexError: list index out of range

https://www.tripadvisor.ru/Attraction_Review-g298496-d13753536-Reviews-Sea_Cucumber_Museum-Vladivostok_Primorsky_Krai_Far_Eastern_District.html
Traceback (most recent call last):
  File "C:\Users\ROV\PycharmProjects\Scrapy\tourism\vl\spiders\TA_Hotel_Spider.py", line 108, in parse
    self.address = ' '.join(response.css(".fHvkI::text").extract_first().split(', ')[:-1])
AttributeError: 'NoneType' object has no attribute 'split'

During handling of the above exception, another exception occurred:

Traceback (most recent call last):
  File "C:\Users\ROV\PycharmProjects\Scrapy\tourism\vl\spiders\TA_Hotel_Spider.py", line 112, in parse
    self.address = ' '.join(response.css(".gZwVG span span::text").extract_first().split(', ')[:-1])
AttributeError: 'NoneType' object has no attribute 'split'

https://www.tripadvisor.ru/Attraction_Review-g298496-d17387872-Reviews-Kinomax_Cinema-Vladivostok_Primorsky_Krai_Far_Eastern_District.html
Traceback (most recent call last):
  File "C:\Users\ROV\PycharmProjects\Scrapy\tourism\vl\spiders\TA_Hotel_Spider.py", line 100, in parse
    self.city = response.css(".breadcrumbs li span::text").extract()[-1].split()[-1]
IndexError: list index out of range

https://www.tripadvisor.ru/Attraction_Review-g298496-d17387872-Reviews-Kinomax_Cinema-Vladivostok_Primorsky_Krai_Far_Eastern_District.html
Traceback (most recent call last):
  File "C:\Users\ROV\PycharmProjects\Scrapy\tourism\vl\spiders\TA_Hotel_Spider.py", line 108, in parse
    self.address = ' '.join(response.css(".fHvkI::text").extract_first().split(', ')[:-1])
AttributeError: 'NoneType' object has no attribute 'split'

During handling of the above exception, another exception occurred:

Traceback (most recent call last):
  File "C:\Users\ROV\PycharmProjects\Scrapy\tourism\vl\spiders\TA_Hotel_Spider.py", line 112, in parse
    self.address = ' '.join(response.css(".gZwVG span span::text").extract_first().split(', ')[:-1])
AttributeError: 'NoneType' object has no attribute 'split'

